<?xml version="1.0" encoding="UTF-8"?>
<!-- Generated by org.testng.reporters.JUnitReportReporter -->
<testsuite hostname="DESKTOP-7NK129J" failures="0" tests="1" name="ra.Demo1_GET_Request" time="10.669" errors="0" timestamp="23 Mar 2021 05:05:06 GMT" skipped="0">
  <testcase classname="ra.Demo1_GET_Request" name="getPostComments" time="10.669"/>
</testsuite> <!-- ra.Demo1_GET_Request -->
